16:39:59 INFO - 
16:43:50 INFO - 
16:43:54 INFO - 
16:46:02 INFO - 
16:46:07 INFO - 
16:46:30 INFO - 
16:46:45 INFO - 
16:55:41 INFO - 
16:56:06 INFO - 
16:56:37 INFO - 
16:56:42 INFO - 
17:03:24 INFO - 
17:03:32 INFO - 
17:08:19 INFO - 
17:08:27 INFO - 
17:12:59 INFO - 
17:13:11 INFO - 
17:13:28 INFO - 
17:13:31 INFO - 
17:13:34 INFO - 
17:15:53 INFO - 
17:15:53 INFO - 
17:15:54 INFO - 
17:15:54 INFO - 
17:16:06 INFO - 
17:17:32 INFO - 
17:17:39 INFO - 
17:17:55 INFO - 
17:18:03 INFO - 
17:18:06 INFO - 
17:18:06 INFO - 
17:18:09 INFO - 
17:18:09 INFO - 
17:18:26 INFO - 
17:18:26 INFO - 
17:18:26 INFO - 
17:18:26 INFO - 
17:18:26 INFO - 
17:18:26 INFO - 
17:18:27 INFO - 
17:18:27 INFO - 
17:18:27 INFO - 
17:18:27 INFO - 
17:18:27 INFO - 
17:18:27 INFO - 
17:18:27 INFO - 
17:35:31 INFO - 
17:35:34 INFO - a:aaaa
17:37:40 INFO - the number of user in room is:1
17:37:44 INFO - aaaasd:aaaa
17:39:20 INFO - aaaasd:
17:39:21 INFO - aaaasd:
17:39:25 INFO - aaaasd:aaaa
17:39:25 INFO - aaaasd:
17:39:25 INFO - aaaasd:
17:39:32 INFO - aaaasd:dsdssss
17:41:03 INFO - the number of user in room is:1
17:41:08 INFO - aaa:jeJLbcjNaEJfIov2AAAC:a:aaaa
17:43:53 INFO - the number of user in room is:1
17:43:57 INFO - aaaa:MojNQEXsSrVwe8EIAAAC:a:
17:44:00 INFO - aaaa:MojNQEXsSrVwe8EIAAAC:a:sasss
17:44:11 INFO - aaaa:MojNQEXsSrVwe8EIAAAC:a:
17:44:12 INFO - aaaa:MojNQEXsSrVwe8EIAAAC:a:
17:44:12 INFO - aaaa:MojNQEXsSrVwe8EIAAAC:a:
17:44:12 INFO - aaaa:MojNQEXsSrVwe8EIAAAC:a:
17:44:14 INFO - aaaa:MojNQEXsSrVwe8EIAAAC:a:awsaddas
17:44:54 INFO - the number of user in room is:1
17:44:57 INFO - the number of user in room is:2
17:44:59 INFO - aa:75_lr1ol0h-7NuXbAAAE:a:aaaa
20:06:56 INFO - the number of user in room is:1
20:06:58 INFO - aa:3a5iT0fa64F6OseOAAAC:a:
20:06:59 INFO - aa:3a5iT0fa64F6OseOAAAC:a:aaaa
20:08:09 INFO - aa:3a5iT0fa64F6OseOAAAC:a:
20:08:09 INFO - aa:3a5iT0fa64F6OseOAAAC:a:
20:08:10 INFO - aa:3a5iT0fa64F6OseOAAAC:a:
20:08:10 INFO - aa:3a5iT0fa64F6OseOAAAC:a:
20:08:10 INFO - aa:3a5iT0fa64F6OseOAAAC:a:
20:08:10 INFO - aa:3a5iT0fa64F6OseOAAAC:a:
20:08:12 INFO - aa:3a5iT0fa64F6OseOAAAC:a:zaaa
20:08:12 INFO - aa:3a5iT0fa64F6OseOAAAC:a:
20:09:04 INFO - the number of user in room is:1
20:09:16 INFO - the number of user in room is:2
20:09:17 INFO - aa:uJqH1b641yaj6iTGAAAE:ab:aaa
20:09:40 INFO - aa:uJqH1b641yaj6iTGAAAE:ab:wwwww
20:09:47 INFO - aa:3a5iT0fa64F6OseOAAAC:a:aaaaw
20:09:57 INFO - aa:uJqH1b641yaj6iTGAAAE:ab:eeee
20:10:01 INFO - aa:3a5iT0fa64F6OseOAAAC:a:qqqqq
20:10:14 INFO - aa:uJqH1b641yaj6iTGAAAE:ab:ttttt
20:10:19 INFO - aa:3a5iT0fa64F6OseOAAAC:a:zzzzz
20:10:20 INFO - aa:3a5iT0fa64F6OseOAAAC:a:cccc
20:13:05 INFO - the number of user in room is:2
20:13:07 INFO - aa:s0G7VH7d8dHwYqENAAAF:a:aaaa
20:13:32 INFO - aa:s0G7VH7d8dHwYqENAAAF:a:
20:13:32 INFO - aa:s0G7VH7d8dHwYqENAAAF:a:
20:13:32 INFO - aa:s0G7VH7d8dHwYqENAAAF:a:
20:13:33 INFO - aa:s0G7VH7d8dHwYqENAAAF:a:
20:15:02 INFO - the number of user in room is:2
20:15:04 INFO - aa:YDX5oIj-jS9EWqrcAAAG:a:
20:25:10 INFO - aa:s0G7VH7d8dHwYqENAAAF:a:
20:25:11 INFO - aa:s0G7VH7d8dHwYqENAAAF:a:
20:25:11 INFO - aa:s0G7VH7d8dHwYqENAAAF:a:
20:25:11 INFO - aa:s0G7VH7d8dHwYqENAAAF:a:
20:25:12 INFO - aa:s0G7VH7d8dHwYqENAAAF:a:
20:25:12 INFO - aa:s0G7VH7d8dHwYqENAAAF:a:
20:25:12 INFO - aa:s0G7VH7d8dHwYqENAAAF:a:
20:26:22 INFO - aa:s0G7VH7d8dHwYqENAAAF:a:
20:26:23 INFO - aa:s0G7VH7d8dHwYqENAAAF:a:
20:26:23 INFO - aa:s0G7VH7d8dHwYqENAAAF:a:
20:26:24 INFO - aa:s0G7VH7d8dHwYqENAAAF:a:
20:26:25 INFO - aa:s0G7VH7d8dHwYqENAAAF:a:
20:26:28 INFO - aa:s0G7VH7d8dHwYqENAAAF:a:ass
20:26:28 INFO - aa:s0G7VH7d8dHwYqENAAAF:a:
20:26:29 INFO - aa:s0G7VH7d8dHwYqENAAAF:a:
20:26:29 INFO - aa:s0G7VH7d8dHwYqENAAAF:a:
20:26:29 INFO - aa:s0G7VH7d8dHwYqENAAAF:a:
20:26:29 INFO - aa:s0G7VH7d8dHwYqENAAAF:a:
20:26:29 INFO - aa:s0G7VH7d8dHwYqENAAAF:a:
20:26:30 INFO - aa:s0G7VH7d8dHwYqENAAAF:a:
20:26:57 INFO - the number of user in room is:1
20:27:04 INFO - aa:YMCBwIKkaSeH3Y_oAAAH:a:aaa
20:27:06 INFO - aa:YMCBwIKkaSeH3Y_oAAAH:a:
20:27:08 INFO - aa:YMCBwIKkaSeH3Y_oAAAH:a:
20:27:09 INFO - aa:YMCBwIKkaSeH3Y_oAAAH:a:
20:27:11 INFO - aa:YMCBwIKkaSeH3Y_oAAAH:a:
20:27:20 INFO - aa:YMCBwIKkaSeH3Y_oAAAH:a:
20:27:20 INFO - aa:YMCBwIKkaSeH3Y_oAAAH:a:
20:27:20 INFO - aa:YMCBwIKkaSeH3Y_oAAAH:a:
20:27:20 INFO - aa:YMCBwIKkaSeH3Y_oAAAH:a:
20:27:20 INFO - aa:YMCBwIKkaSeH3Y_oAAAH:a:
20:27:21 INFO - aa:YMCBwIKkaSeH3Y_oAAAH:a:
20:27:21 INFO - aa:YMCBwIKkaSeH3Y_oAAAH:a:
20:27:21 INFO - aa:YMCBwIKkaSeH3Y_oAAAH:a:
20:27:21 INFO - aa:YMCBwIKkaSeH3Y_oAAAH:a:
20:27:21 INFO - aa:YMCBwIKkaSeH3Y_oAAAH:a:
20:27:21 INFO - aa:YMCBwIKkaSeH3Y_oAAAH:a:
20:27:22 INFO - aa:YMCBwIKkaSeH3Y_oAAAH:a:
20:27:22 INFO - aa:YMCBwIKkaSeH3Y_oAAAH:a:
20:28:55 INFO - the number of user in room is:1
20:29:36 INFO - the number of user in room is:1
20:30:38 INFO - the number of user in room is:1
20:30:46 INFO - aa:RWGbKu-gXcnoNNL1AAAK:a:aaa
20:30:52 INFO - aa:RWGbKu-gXcnoNNL1AAAK:a:aaaaa
20:33:30 INFO - the number of user in room is:1
20:33:32 INFO - aa:RAORB6gSzgS_gxayAAAL:a:aaa
20:33:38 INFO - aa:RAORB6gSzgS_gxayAAAL:a:aaaa
20:33:40 INFO - aa:RAORB6gSzgS_gxayAAAL:a:aaaaa
20:33:49 INFO - the number of user in room is:2
20:33:51 INFO - aa:LzpgSxQgc3cWXnvFAAAM:aa:aaa
20:34:22 INFO - 
20:34:33 INFO - 
20:36:13 INFO - 
20:36:24 INFO - 
20:36:48 INFO - 
20:36:50 INFO - 
20:36:50 INFO - 
20:36:51 INFO - 
20:36:51 INFO - 
20:36:51 INFO - 
20:36:53 INFO - 
20:36:53 INFO - 
20:36:53 INFO - 
20:37:03 INFO - 
20:37:04 INFO - 
20:37:04 INFO - 
20:37:04 INFO - 
20:37:06 INFO - 
20:37:06 INFO - 
20:37:06 INFO - 
20:37:56 INFO - 
20:37:56 INFO - 
20:37:59 INFO - 
20:38:01 INFO - 
20:39:42 INFO - the number of user in room is:1
20:39:51 INFO - the number of user in room is:2
20:40:01 INFO - the number of user in room is:3
20:41:39 INFO - the number of user in room is:3
20:41:45 INFO - the number of user in room is:3
20:41:52 INFO - the number of user in room is:3
20:41:54 INFO - aa:mrIVdeHRWga5uWqPAAAG:c:aaaa
20:21:38 INFO - the number of user in room is:1
20:21:43 INFO - the number of user in room is:2
20:21:47 INFO - a:1awc6Kntr8VXY9cbAAAM:bb:aaa
20:21:52 INFO - a:YSxMXpNZry-I5fkOAAAL:aaa:
20:21:53 INFO - a:YSxMXpNZry-I5fkOAAAL:aaa:sss
20:21:56 INFO - a:1awc6Kntr8VXY9cbAAAM:bb:
12:14:40 INFO - the number of user in room is:1
12:15:05 INFO - the number of user in room is:1
14:21:49 INFO - the number of user in room is:1
14:21:54 INFO - the number of user in room is:1
14:22:05 INFO - the number of user in room is:1
14:22:26 INFO - the number of user in room is:2
14:24:07 INFO - the number of user in room is:2
15:13:31 INFO - the number of user in room is:2
15:14:23 INFO - the number of user in room is:3
15:14:35 INFO - the number of user in room is:3
15:25:11 INFO - the number of user in room is:3
15:26:45 INFO - the number of user in room is:1
15:26:53 INFO - the number of user in room is:1
15:26:54 INFO - the number of user in room is:2
15:27:30 INFO - the number of user in room is:1
15:27:44 INFO - the number of user in room is:2
15:27:45 INFO - the number of user in room is:3
15:27:59 INFO - the number of user in room is:1
15:28:07 INFO - the number of user in room is:1
15:28:11 INFO - the number of user in room is:2
15:32:42 INFO - the number of user in room is:1
15:32:50 INFO - the number of user in room is:2
15:33:08 INFO - the number of user in room is:1
15:34:07 INFO - the number of user in room is:1
15:34:25 INFO - the number of user in room is:1
15:36:32 INFO - the number of user in room is:1
15:36:35 INFO - the number of user in room is:2
15:37:18 INFO - the number of user in room is:2
15:37:41 INFO - the number of user in room is:2
15:44:12 INFO - the number of user in room is:2
15:47:08 INFO - the number of user in room is:1
15:50:57 INFO - the number of user in room is:1
15:52:13 INFO - the number of user in room is:1
15:53:55 INFO - the number of user in room is:1
15:54:26 INFO - the number of user in room is:1
15:54:36 INFO - the number of user in room is:1
15:54:51 INFO - the number of user in room is:1
16:05:40 INFO - the number of user in room is:1
16:05:41 INFO - the number of user in room is:2
16:05:58 INFO - the number of user in room is:3
16:06:48 INFO - the number of user in room is:1
16:06:49 INFO - the number of user in room is:2
16:06:55 INFO - the number of user in room is:3
21:39:03 INFO - the number of user in room is:1
21:39:20 INFO - the number of user in room is:2
21:41:32 INFO - the number of user in room is:1
21:41:41 INFO - the number of user in room is:2
21:44:53 INFO - the number of user in room is:1
21:45:15 INFO - the number of user in room is:1
21:45:54 INFO - the number of user in room is:1
21:46:13 INFO - the number of user in room is:2
21:46:13 INFO - the number of user in room is:3
21:48:34 INFO - the number of user in room is:1
21:48:41 INFO - the number of user in room is:2
21:50:19 INFO - the number of user in room is:2
21:51:56 INFO - the number of user in room is:1
21:52:01 INFO - the number of user in room is:2
21:59:00 INFO - the number of user in room is:1
21:59:04 INFO - the number of user in room is:2
22:06:07 INFO - the number of user in room is:1
22:06:07 INFO - the number of user in room is:2
22:06:13 INFO - the number of user in room is:3
22:06:53 INFO - the number of user in room is:1
22:06:59 INFO - the number of user in room is:2
22:08:05 INFO - the number of user in room is:1
22:08:45 INFO - the number of user in room is:2
22:09:25 INFO - the number of user in room is:1
22:09:39 INFO - the number of user in room is:1
22:10:08 INFO - the number of user in room is:1
22:10:17 INFO - the number of user in room is:2
22:13:44 INFO - the number of user in room is:2
22:14:04 INFO - the number of user in room is:2
22:14:30 INFO - the number of user in room is:1
22:14:36 INFO - the number of user in room is:2
